# JRE version: OpenJDK Runtime Environment (8.0_242-b01) (build 1.8.0_242-release-1644-b01)
# Java VM: OpenJDK 64-Bit Server VM (25.242-b01 mixed mode windows-amd64 compressed oops)
Heap:
 PSYoungGen      total 646656K, used 506203K [0x00000000d5580000, 0x00000000ffd00000, 0x0000000100000000)
  eden space 598528K, 81% used [0x00000000d5580000,0x00000000f3381638,0x00000000f9e00000)
  from space 48128K, 34% used [0x00000000f9e00000,0x00000000fae55928,0x00000000fcd00000)
  to   space 45568K, 0% used [0x00000000fd080000,0x00000000fd080000,0x00000000ffd00000)
 ParOldGen       total 254464K, used 218506K [0x0000000080000000, 0x000000008f880000, 0x00000000d5580000)
  object space 254464K, 85% used [0x0000000080000000,0x000000008d562a08,0x000000008f880000)
 Metaspace       used 112941K, capacity 122128K, committed 122280K, reserved 1155072K
  class space    used 14665K, capacity 16278K, committed 16304K, reserved 1048576K
GC Heap History (10 events):
Event: 1523.413 GC heap before
{Heap before GC invocations=40 (full 5):
 PSYoungGen      total 633856K, used 599703K [0x00000000d5580000, 0x00000000ff800000, 0x0000000100000000)
  eden space 582144K, 100% used [0x00000000d5580000,0x00000000f8e00000,0x00000000f8e00000)
  from space 51712K, 33% used [0x00000000fc580000,0x00000000fd6a5f08,0x00000000ff800000)
  to   space 54272K, 0% used [0x00000000f8e00000,0x00000000f8e00000,0x00000000fc300000)
 ParOldGen       total 254464K, used 203754K [0x0000000080000000, 0x000000008f880000, 0x00000000d5580000)
  object space 254464K, 80% used [0x0000000080000000,0x000000008c6faad0,0x000000008f880000)
 Metaspace       used 99447K, capacity 105296K, committed 106024K, reserved 1140736K
  class space    used 12794K, capacity 13838K, committed 14128K, reserved 1048576K
Event: 1523.422 GC heap after
Heap after GC invocations=40 (full 5):
 PSYoungGen      total 636416K, used 6510K [0x00000000d5580000, 0x0000000100000000, 0x0000000100000000)
  eden space 582144K, 0% used [0x00000000d5580000,0x00000000d5580000,0x00000000f8e00000)
  from space 54272K, 11% used [0x00000000f8e00000,0x00000000f945b810,0x00000000fc300000)
  to   space 53760K, 0% used [0x00000000fcb80000,0x00000000fcb80000,0x0000000100000000)
 ParOldGen       total 254464K, used 206376K [0x0000000080000000, 0x000000008f880000, 0x00000000d5580000)
  object space 254464K, 81% used [0x0000000080000000,0x000000008c98a050,0x000000008f880000)
 Metaspace       used 99447K, capacity 105296K, committed 106024K, reserved 1140736K
  class space    used 12794K, capacity 13838K, committed 14128K, reserved 1048576K
}
Event: 1529.894 GC heap before
{Heap before GC invocations=41 (full 5):
 PSYoungGen      total 636416K, used 588654K [0x00000000d5580000, 0x0000000100000000, 0x0000000100000000)
  eden space 582144K, 100% used [0x00000000d5580000,0x00000000f8e00000,0x00000000f8e00000)
  from space 54272K, 11% used [0x00000000f8e00000,0x00000000f945b810,0x00000000fc300000)
  to   space 53760K, 0% used [0x00000000fcb80000,0x00000000fcb80000,0x0000000100000000)
 ParOldGen       total 254464K, used 206376K [0x0000000080000000, 0x000000008f880000, 0x00000000d5580000)
  object space 254464K, 81% used [0x0000000080000000,0x000000008c98a050,0x000000008f880000)
 Metaspace       used 99710K, capacity 105698K, committed 106280K, reserved 1140736K
  class space    used 12805K, capacity 13859K, committed 14128K, reserved 1048576K
Event: 1529.911 GC heap after
Heap after GC invocations=41 (full 5):
 PSYoungGen      total 638976K, used 15288K [0x00000000d5580000, 0x00000000ffa80000, 0x0000000100000000)
  eden space 590848K, 0% used [0x00000000d5580000,0x00000000d5580000,0x00000000f9680000)
  from space 48128K, 31% used [0x00000000fcb80000,0x00000000fda6e078,0x00000000ffa80000)
  to   space 51200K, 0% used [0x00000000f9680000,0x00000000f9680000,0x00000000fc880000)
 ParOldGen       total 254464K, used 206756K [0x0000000080000000, 0x000000008f880000, 0x00000000d5580000)
  object space 254464K, 81% used [0x0000000080000000,0x000000008c9e90f0,0x000000008f880000)
 Metaspace       used 99710K, capacity 105698K, committed 106280K, reserved 1140736K
  class space    used 12805K, capacity 13859K, committed 14128K, reserved 1048576K
}
Event: 5342.955 GC heap before
{Heap before GC invocations=42 (full 5):
 PSYoungGen      total 638976K, used 606136K [0x00000000d5580000, 0x00000000ffa80000, 0x0000000100000000)
  eden space 590848K, 100% used [0x00000000d5580000,0x00000000f9680000,0x00000000f9680000)
  from space 48128K, 31% used [0x00000000fcb80000,0x00000000fda6e078,0x00000000ffa80000)
  to   space 51200K, 0% used [0x00000000f9680000,0x00000000f9680000,0x00000000fc880000)
 ParOldGen       total 254464K, used 206756K [0x0000000080000000, 0x000000008f880000, 0x00000000d5580000)
  object space 254464K, 81% used [0x0000000080000000,0x000000008c9e90f0,0x000000008f880000)
 Metaspace       used 110574K, capacity 118116K, committed 118184K, reserved 1150976K
  class space    used 14398K, capacity 15788K, committed 15792K, reserved 1048576K
Event: 5350.283 GC heap after
Heap after GC invocations=42 (full 5):
 PSYoungGen      total 642048K, used 21794K [0x00000000d5580000, 0x00000000fff00000, 0x0000000100000000)
  eden space 590848K, 0% used [0x00000000d5580000,0x00000000d5580000,0x00000000f9680000)
  from space 51200K, 42% used [0x00000000f9680000,0x00000000fabc8838,0x00000000fc880000)
  to   space 49152K, 0% used [0x00000000fcf00000,0x00000000fcf00000,0x00000000fff00000)
 ParOldGen       total 254464K, used 207489K [0x0000000080000000, 0x000000008f880000, 0x00000000d5580000)
  object space 254464K, 81% used [0x0000000080000000,0x000000008caa0408,0x000000008f880000)
 Metaspace       used 110574K, capacity 118116K, committed 118184K, reserved 1150976K
  class space    used 14398K, capacity 15788K, committed 15792K, reserved 1048576K
}
Event: 8362.679 GC heap before
{Heap before GC invocations=43 (full 5):
 PSYoungGen      total 642048K, used 612642K [0x00000000d5580000, 0x00000000fff00000, 0x0000000100000000)
  eden space 590848K, 100% used [0x00000000d5580000,0x00000000f9680000,0x00000000f9680000)
  from space 51200K, 42% used [0x00000000f9680000,0x00000000fabc8838,0x00000000fc880000)
  to   space 49152K, 0% used [0x00000000fcf00000,0x00000000fcf00000,0x00000000fff00000)
 ParOldGen       total 254464K, used 207489K [0x0000000080000000, 0x000000008f880000, 0x00000000d5580000)
  object space 254464K, 81% used [0x0000000080000000,0x000000008caa0408,0x000000008f880000)
 Metaspace       used 111075K, capacity 118702K, committed 119080K, reserved 1153024K
  class space    used 14415K, capacity 15799K, committed 15920K, reserved 1048576K
Event: 8364.207 GC heap after
Heap after GC invocations=43 (full 5):
 PSYoungGen      total 644608K, used 9759K [0x00000000d5580000, 0x00000000ffc00000, 0x0000000100000000)
  eden space 598528K, 0% used [0x00000000d5580000,0x00000000d5580000,0x00000000f9e00000)
  from space 46080K, 21% used [0x00000000fcf00000,0x00000000fd887d10,0x00000000ffc00000)
  to   space 48128K, 0% used [0x00000000f9e00000,0x00000000f9e00000,0x00000000fcd00000)
 ParOldGen       total 254464K, used 218010K [0x0000000080000000, 0x000000008f880000, 0x00000000d5580000)
  object space 254464K, 85% used [0x0000000080000000,0x000000008d4e69b0,0x000000008f880000)
 Metaspace       used 111075K, capacity 118702K, committed 119080K, reserved 1153024K
  class space    used 14415K, capacity 15799K, committed 15920K, reserved 1048576K
}
Event: 9011.778 GC heap before
{Heap before GC invocations=44 (full 5):
 PSYoungGen      total 644608K, used 608287K [0x00000000d5580000, 0x00000000ffc00000, 0x0000000100000000)
  eden space 598528K, 100% used [0x00000000d5580000,0x00000000f9e00000,0x00000000f9e00000)
  from space 46080K, 21% used [0x00000000fcf00000,0x00000000fd887d10,0x00000000ffc00000)
  to   space 48128K, 0% used [0x00000000f9e00000,0x00000000f9e00000,0x00000000fcd00000)
 ParOldGen       total 254464K, used 218010K [0x0000000080000000, 0x000000008f880000, 0x00000000d5580000)
  object space 254464K, 85% used [0x0000000080000000,0x000000008d4e69b0,0x000000008f880000)
 Metaspace       used 111461K, capacity 119220K, committed 119336K, reserved 1153024K
  class space    used 14438K, capacity 15858K, committed 15920K, reserved 1048576K
Event: 9012.190 GC heap after
Heap after GC invocations=44 (full 5):
 PSYoungGen      total 646656K, used 16726K [0x00000000d5580000, 0x00000000ffd00000, 0x0000000100000000)
  eden space 598528K, 0% used [0x00000000d5580000,0x00000000d5580000,0x00000000f9e00000)
  from space 48128K, 34% used [0x00000000f9e00000,0x00000000fae55928,0x00000000fcd00000)
  to   space 45568K, 0% used [0x00000000fd080000,0x00000000fd080000,0x00000000ffd00000)
 ParOldGen       total 254464K, used 218506K [0x0000000080000000, 0x000000008f880000, 0x00000000d5580000)
  object space 254464K, 85% used [0x0000000080000000,0x000000008d562a08,0x000000008f880000)
 Metaspace       used 111461K, capacity 119220K, committed 119336K, reserved 1153024K
  class space    used 14438K, capacity 15858K, committed 15920K, reserved 1048576K
}

